<?xml version="1.0" encoding="UTF-8"?>
<!-- Generated by org.testng.reporters.JUnitReportReporter -->
<testsuite hostname="IN-PG03526Q" failures="0" tests="1" name="com.nav.TestHelloWorld" time="0.002" errors="0" timestamp="2024-05-17T11:57:07 IST" skipped="0">
  <testcase classname="com.nav.TestHelloWorld" name="helloWorld" time="0.002"/>
</testsuite> <!-- com.nav.TestHelloWorld -->
